0 info it worked if it ends with ok
1 verbose cli [ 'D:\\Node\\node.exe',
1 verbose cli   'D:\\Node\\node_modules\\npm\\bin\\npm-cli.js',
1 verbose cli   'start' ]
2 info using npm@3.10.10
3 info using node@v6.11.3
4 verbose run-script [ 'prestart', 'start', 'poststart' ]
5 info lifecycle demo@0.0.0~prestart: demo@0.0.0
6 silly lifecycle demo@0.0.0~prestart: no script for prestart, continuing
7 info lifecycle demo@0.0.0~start: demo@0.0.0
8 verbose lifecycle demo@0.0.0~start: unsafe-perm in lifecycle true
9 verbose lifecycle demo@0.0.0~start: PATH: D:\Node\node_modules\npm\bin\node-gyp-bin;D:\WebDev\AdvWebDevFall2017\NODE-DEVKIT\AdvWebDevFall2017\week6\demo\node_modules\.bin;C:\Users\Brend\AppData\Roaming\npm;D:\Node\;C:\ProgramData\Oracle\Java\javapath;C:\Program Files (x86)\Razer Chroma SDK\bin;C:\Program Files\Razer Chroma SDK\bin;C:\WINDOWS\system32;C:\WINDOWS;C:\WINDOWS\System32\Wbem;C:\WINDOWS\System32\WindowsPowerShell\v1.0\;C:\Users\Brend\.dnx\bin;C:\Program Files\Microsoft DNX\Dnvm\;C:\Program Files (x86)\QuickTime\QTSystem\;C:\Program Files\Git\cmd;C:\Program Files (x86)\Microsoft SQL Server\110\Tools\Binn\;C:\Program Files\Microsoft SQL Server\110\Tools\Binn\;C:\Program Files\Microsoft SQL Server\110\DTS\Binn\;C:\Program Files (x86)\Microsoft SQL Server\110\Tools\Binn\ManagementStudio\;C:\Program Files (x86)\Microsoft SQL Server\110\DTS\Binn\;C:\WINDOWS\system32;C:\WINDOWS;C:\WINDOWS\System32\Wbem;C:\WINDOWS\System32\WindowsPowerShell\v1.0\;D:\Node\;C:\Program Files (x86)\NVIDIA Corporation\PhysX\Common;C:\Users\Brend\AppData\Local\Microsoft\WindowsApps;C:\Users\Brend\AppData\Roaming\npm
10 verbose lifecycle demo@0.0.0~start: CWD: D:\WebDev\AdvWebDevFall2017\NODE-DEVKIT\AdvWebDevFall2017\week6\demo
11 silly lifecycle demo@0.0.0~start: Args: [ '/d /s /c', 'SET PORT=3001 & node ./bin/www' ]
12 verbose stack Error: kill ENOSYS
12 verbose stack     at exports._errnoException (util.js:1020:11)
12 verbose stack     at process.kill (internal/process.js:190:13)
12 verbose stack     at process.listener (D:\Node\node_modules\npm\node_modules\npmlog\node_modules\gauge\node_modules\signal-exit\index.js:86:15)
12 verbose stack     at emitNone (events.js:91:20)
12 verbose stack     at process.emit (events.js:185:7)
12 verbose stack     at processEmit (D:\Node\node_modules\npm\node_modules\npmlog\node_modules\gauge\node_modules\signal-exit\index.js:146:32)
12 verbose stack     at processEmit (D:\Node\node_modules\npm\node_modules\npm-registry-client\node_modules\npmlog\node_modules\gauge\node_modules\signal-exit\index.js:146:32)
12 verbose stack     at Signal.wrap.onsignal (internal/process.js:217:44)
13 verbose cwd D:\WebDev\AdvWebDevFall2017\NODE-DEVKIT\AdvWebDevFall2017\week6\demo
14 error Windows_NT 10.0.15063
15 error argv "D:\\Node\\node.exe" "D:\\Node\\node_modules\\npm\\bin\\npm-cli.js" "start"
16 error node v6.11.3
17 error npm  v3.10.10
18 error code ENOSYS
19 error errno ENOSYS
20 error syscall kill
21 error kill ENOSYS
22 error If you need help, you may report this error at:
22 error     <https://github.com/npm/npm/issues>
23 verbose exit [ 1, true ]
